Line 231: Class FormTracer.FT of control FT1 was not a loaded control class.
Line 238: Class SysTrayCtl.cSysTray of control cSysTray1 was not a loaded control class.
Line 4219: Class MediaPlayerCtl.MediaPlayer of control MediaPlayer1 was not a loaded control class.
Line 234: The property name _ExtentX in FT1 is invalid.
Line 235: The property name _ExtentY in FT1 is invalid.
Line 236: The property name RegKey in FT1 is invalid.
Line 241: The property name _ExtentX in cSysTray1 is invalid.
Line 242: The property name _ExtentY in cSysTray1 is invalid.
Line 243: The property name InTray in cSysTray1 is invalid.
Line 244: The property name TrayIcon in cSysTray1 is invalid.
Line 245: The property name TrayTip in cSysTray1 is invalid.
Line 4225: The property name AudioStream in MediaPlayer1 is invalid.
Line 4227: The property name AutoStart in MediaPlayer1 is invalid.
Line 4228: The property name AnimationAtStart in MediaPlayer1 is invalid.
Line 4229: The property name AllowScan in MediaPlayer1 is invalid.
Line 4230: The property name AllowChangeDisplaySize in MediaPlayer1 is invalid.
Line 4231: The property name AutoRewind in MediaPlayer1 is invalid.
Line 4232: The property name Balance in MediaPlayer1 is invalid.
Line 4233: The property name BaseURL in MediaPlayer1 is invalid.
Line 4234: The property name BufferingTime in MediaPlayer1 is invalid.
Line 4235: The property name CaptioningID in MediaPlayer1 is invalid.
Line 4236: The property name ClickToPlay in MediaPlayer1 is invalid.
Line 4237: The property name CursorType in MediaPlayer1 is invalid.
Line 4238: The property name CurrentPosition in MediaPlayer1 is invalid.
Line 4239: The property name CurrentMarker in MediaPlayer1 is invalid.
Line 4240: The property name DefaultFrame in MediaPlayer1 is invalid.
Line 4241: The property name DisplayBackColor in MediaPlayer1 is invalid.
Line 4242: The property name DisplayForeColor in MediaPlayer1 is invalid.
Line 4243: The property name DisplayMode in MediaPlayer1 is invalid.
Line 4244: The property name DisplaySize in MediaPlayer1 is invalid.
Line 4246: The property name EnableContextMenu in MediaPlayer1 is invalid.
Line 4247: The property name EnablePositionControls in MediaPlayer1 is invalid.
Line 4248: The property name EnableFullScreenControls in MediaPlayer1 is invalid.
Line 4249: The property name EnableTracker in MediaPlayer1 is invalid.
Line 4250: The property name Filename in MediaPlayer1 is invalid.
Line 4251: The property name InvokeURLs in MediaPlayer1 is invalid.
Line 4252: The property name Language in MediaPlayer1 is invalid.
Line 4253: The property name Mute in MediaPlayer1 is invalid.
Line 4254: The property name PlayCount in MediaPlayer1 is invalid.
Line 4255: The property name PreviewMode in MediaPlayer1 is invalid.
Line 4256: The property name Rate in MediaPlayer1 is invalid.
Line 4257: The property name SAMILang in MediaPlayer1 is invalid.
Line 4258: The property name SAMIStyle in MediaPlayer1 is invalid.
Line 4259: The property name SAMIFileName in MediaPlayer1 is invalid.
Line 4260: The property name SelectionStart in MediaPlayer1 is invalid.
Line 4261: The property name SelectionEnd in MediaPlayer1 is invalid.
Line 4262: The property name SendOpenStateChangeEvents in MediaPlayer1 is invalid.
Line 4263: The property name SendWarningEvents in MediaPlayer1 is invalid.
Line 4264: The property name SendErrorEvents in MediaPlayer1 is invalid.
Line 4265: The property name SendKeyboardEvents in MediaPlayer1 is invalid.
Line 4266: The property name SendMouseClickEvents in MediaPlayer1 is invalid.
Line 4267: The property name SendMouseMoveEvents in MediaPlayer1 is invalid.
Line 4268: The property name SendPlayStateChangeEvents in MediaPlayer1 is invalid.
Line 4269: The property name ShowCaptioning in MediaPlayer1 is invalid.
Line 4270: The property name ShowControls in MediaPlayer1 is invalid.
Line 4271: The property name ShowAudioControls in MediaPlayer1 is invalid.
Line 4272: The property name ShowDisplay in MediaPlayer1 is invalid.
Line 4273: The property name ShowGotoBar in MediaPlayer1 is invalid.
Line 4274: The property name ShowPositionControls in MediaPlayer1 is invalid.
Line 4275: The property name ShowStatusBar in MediaPlayer1 is invalid.
Line 4276: The property name ShowTracker in MediaPlayer1 is invalid.
Line 4277: The property name TransparentAtStart in MediaPlayer1 is invalid.
Line 4278: The property name VideoBorderWidth in MediaPlayer1 is invalid.
Line 4279: The property name VideoBorderColor in MediaPlayer1 is invalid.
Line 4280: The property name VideoBorder3D in MediaPlayer1 is invalid.
Line 4281: The property name Volume in MediaPlayer1 is invalid.
Line 4282: The property name WindowlessVideo in MediaPlayer1 is invalid.
